  Source.c
C:\msys64\ucrt64\include\glib-2.0\glib\gmacros.h(1,1): warning C4819: 檔案含有無法在目前字碼頁 (950) 中表示的字元。請以 Unicode 格式儲存檔案以防止資料遺失
  (編譯來源檔案 'Source.c')
  
C:\msys64\ucrt64\include\glib-2.0\glib\gmacros.h(839,1): warning C4819: 檔案含有無法在目前字碼頁 (950) 中表示的字元。請以 Unicode 格式儲存檔案以防止資料遺失
  (編譯來源檔案 'Source.c')
  
C:\msys64\ucrt64\include\glib-2.0\glib\gatomic.h(1,1): warning C4819: 檔案含有無法在目前字碼頁 (950) 中表示的字元。請以 Unicode 格式儲存檔案以防止資料遺失
  (編譯來源檔案 'Source.c')
  
C:\msys64\ucrt64\include\glib-2.0\glib\gfileutils.h(1,1): warning C4819: 檔案含有無法在目前字碼頁 (950) 中表示的字元。請以 Unicode 格式儲存檔案以防止資料遺失
  (編譯來源檔案 'Source.c')
  
C:\msys64\ucrt64\include\glib-2.0\glib\gmain.h(1,1): warning C4819: 檔案含有無法在目前字碼頁 (950) 中表示的字元。請以 Unicode 格式儲存檔案以防止資料遺失
  (編譯來源檔案 'Source.c')
  
C:\msys64\ucrt64\include\glib-2.0\glib\gtestutils.h(1,1): warning C4819: 檔案含有無法在目前字碼頁 (950) 中表示的字元。請以 Unicode 格式儲存檔案以防止資料遺失
  (編譯來源檔案 'Source.c')
  
C:\msys64\ucrt64\include\glib-2.0\glib\guri.h(1,1): warning C4819: 檔案含有無法在目前字碼頁 (950) 中表示的字元。請以 Unicode 格式儲存檔案以防止資料遺失
  (編譯來源檔案 'Source.c')
  
C:\msys64\ucrt64\include\glib-2.0\glib\glib-autocleanups.h(1,1): warning C4819: 檔案含有無法在目前字碼頁 (950) 中表示的字元。請以 Unicode 格式儲存檔案以防止資料遺失
  (編譯來源檔案 'Source.c')
  
C:\msys64\ucrt64\include\gtk-4.0\gdk\version\gdkversionmacros.h(1,1): warning C4819: 檔案含有無法在目前字碼頁 (950) 中表示的字元。請以 Unicode 格式儲存檔案以防止資料遺失
  (編譯來源檔案 'Source.c')
  
C:\msys64\ucrt64\include\glib-2.0\gobject\gobject.h(1,1): warning C4819: 檔案含有無法在目前字碼頁 (950) 中表示的字元。請以 Unicode 格式儲存檔案以防止資料遺失
  (編譯來源檔案 'Source.c')
  
C:\msys64\ucrt64\include\glib-2.0\gobject\gtype.h(1,1): warning C4819: 檔案含有無法在目前字碼頁 (950) 中表示的字元。請以 Unicode 格式儲存檔案以防止資料遺失
  (編譯來源檔案 'Source.c')
  
C:\msys64\ucrt64\include\glib-2.0\gobject\gtype.h(877,1): warning C4819: 檔案含有無法在目前字碼頁 (950) 中表示的字元。請以 Unicode 格式儲存檔案以防止資料遺失
  (編譯來源檔案 'Source.c')
  
C:\msys64\ucrt64\include\glib-2.0\gobject\gsignal.h(1,1): warning C4819: 檔案含有無法在目前字碼頁 (950) 中表示的字元。請以 Unicode 格式儲存檔案以防止資料遺失
  (編譯來源檔案 'Source.c')
  
C:\msys64\ucrt64\include\glib-2.0\gio\gdatagrambased.h(1,1): warning C4819: 檔案含有無法在目前字碼頁 (950) 中表示的字元。請以 Unicode 格式儲存檔案以防止資料遺失
  (編譯來源檔案 'Source.c')
  
C:\msys64\ucrt64\include\glib-2.0\gio\giomodule.h(1,1): warning C4819: 檔案含有無法在目前字碼頁 (950) 中表示的字元。請以 Unicode 格式儲存檔案以防止資料遺失
  (編譯來源檔案 'Source.c')
  
C:\msys64\ucrt64\include\glib-2.0\gio\gsocketconnectable.h(1,1): warning C4819: 檔案含有無法在目前字碼頁 (950) 中表示的字元。請以 Unicode 格式儲存檔案以防止資料遺失
  (編譯來源檔案 'Source.c')
  
C:\msys64\ucrt64\include\gtk-4.0\gdk\gdktypes.h(1,1): warning C4819: 檔案含有無法在目前字碼頁 (950) 中表示的字元。請以 Unicode 格式儲存檔案以防止資料遺失
  (編譯來源檔案 'Source.c')
  
C:\msys64\ucrt64\include\harfbuzz\hb-style.h(1,1): warning C4819: 檔案含有無法在目前字碼頁 (950) 中表示的字元。請以 Unicode 格式儲存檔案以防止資料遺失
  (編譯來源檔案 'Source.c')
  
C:\msys64\ucrt64\include\gtk-4.0\gdk\gdkevents.h(1,1): warning C4819: 檔案含有無法在目前字碼頁 (950) 中表示的字元。請以 Unicode 格式儲存檔案以防止資料遺失
  (編譯來源檔案 'Source.c')
  
C:\msys64\ucrt64\include\graphene-1.0\graphene-simd4x4f.h(1,1): warning C4819: 檔案含有無法在目前字碼頁 (950) 中表示的字元。請以 Unicode 格式儲存檔案以防止資料遺失
  (編譯來源檔案 'Source.c')
  
C:\msys64\ucrt64\include\gtk-4.0\gtk\gtkwidget.h(1,1): warning C4819: 檔案含有無法在目前字碼頁 (950) 中表示的字元。請以 Unicode 格式儲存檔案以防止資料遺失
  (編譯來源檔案 'Source.c')
  
C:\msys64\ucrt64\include\gtk-4.0\gtk\gtkenums.h(1,1): warning C4819: 檔案含有無法在目前字碼頁 (950) 中表示的字元。請以 Unicode 格式儲存檔案以防止資料遺失
  (編譯來源檔案 'Source.c')
  
C:\msys64\ucrt64\include\gtk-4.0\gtk\gtkenums.h(927,1): warning C4819: 檔案含有無法在目前字碼頁 (950) 中表示的字元。請以 Unicode 格式儲存檔案以防止資料遺失
  (編譯來源檔案 'Source.c')
  
C:\msys64\ucrt64\include\gtk-4.0\gtk\deprecated\gtkassistant.h(1,1): warning C4819: 檔案含有無法在目前字碼頁 (950) 中表示的字元。請以 Unicode 格式儲存檔案以防止資料遺失
  (編譯來源檔案 'Source.c')
  
C:\msys64\ucrt64\include\gtk-4.0\gtk\gtkbuildable.h(1,1): warning C4819: 檔案含有無法在目前字碼頁 (950) 中表示的字元。請以 Unicode 格式儲存檔案以防止資料遺失
  (編譯來源檔案 'Source.c')
  
C:\msys64\ucrt64\include\gtk-4.0\gtk\gtkbuilder.h(1,1): warning C4819: 檔案含有無法在目前字碼頁 (950) 中表示的字元。請以 Unicode 格式儲存檔案以防止資料遺失
  (編譯來源檔案 'Source.c')
  
C:\msys64\ucrt64\include\gtk-4.0\gtk\deprecated\gtkcellarea.h(1,1): warning C4819: 檔案含有無法在目前字碼頁 (950) 中表示的字元。請以 Unicode 格式儲存檔案以防止資料遺失
  (編譯來源檔案 'Source.c')
  
C:\msys64\ucrt64\include\gtk-4.0\gtk\deprecated\gtkcellrenderer.h(1,1): warning C4819: 檔案含有無法在目前字碼頁 (950) 中表示的字元。請以 Unicode 格式儲存檔案以防止資料遺失
  (編譯來源檔案 'Source.c')
  
C:\msys64\ucrt64\include\gtk-4.0\gtk\deprecated\gtkcellareacontext.h(1,1): warning C4819: 檔案含有無法在目前字碼頁 (950) 中表示的字元。請以 Unicode 格式儲存檔案以防止資料遺失
  (編譯來源檔案 'Source.c')
  
C:\msys64\ucrt64\include\gtk-4.0\gtk\deprecated\gtkcelllayout.h(1,1): warning C4819: 檔案含有無法在目前字碼頁 (950) 中表示的字元。請以 Unicode 格式儲存檔案以防止資料遺失
  (編譯來源檔案 'Source.c')
  
C:\msys64\ucrt64\include\gtk-4.0\gtk\deprecated\gtkcombobox.h(1,1): warning C4819: 檔案含有無法在目前字碼頁 (950) 中表示的字元。請以 Unicode 格式儲存檔案以防止資料遺失
  (編譯來源檔案 'Source.c')
  
C:\msys64\ucrt64\include\gtk-4.0\gtk\deprecated\gtktreeview.h(1,1): warning C4819: 檔案含有無法在目前字碼頁 (950) 中表示的字元。請以 Unicode 格式儲存檔案以防止資料遺失
  (編譯來源檔案 'Source.c')
  
C:\msys64\ucrt64\include\gtk-4.0\gtk\deprecated\gtktreeviewcolumn.h(1,1): warning C4819: 檔案含有無法在目前字碼頁 (950) 中表示的字元。請以 Unicode 格式儲存檔案以防止資料遺失
  (編譯來源檔案 'Source.c')
  
C:\msys64\ucrt64\include\gtk-4.0\gtk\deprecated\gtktreesortable.h(1,1): warning C4819: 檔案含有無法在目前字碼頁 (950) 中表示的字元。請以 Unicode 格式儲存檔案以防止資料遺失
  (編譯來源檔案 'Source.c')
  
C:\msys64\ucrt64\include\gtk-4.0\gtk\deprecated\gtktreemodelfilter.h(1,1): warning C4819: 檔案含有無法在目前字碼頁 (950) 中表示的字元。請以 Unicode 格式儲存檔案以防止資料遺失
  (編譯來源檔案 'Source.c')
  
C:\msys64\ucrt64\include\gtk-4.0\gtk\gtklistbase.h(1,1): warning C4819: 檔案含有無法在目前字碼頁 (950) 中表示的字元。請以 Unicode 格式儲存檔案以防止資料遺失
  (編譯來源檔案 'Source.c')
  
C:\msys64\ucrt64\include\gtk-4.0\gtk\print\gtkprintsettings.h(1,1): warning C4819: 檔案含有無法在目前字碼頁 (950) 中表示的字元。請以 Unicode 格式儲存檔案以防止資料遺失
  (編譯來源檔案 'Source.c')
  
C:\msys64\ucrt64\include\gtk-4.0\gtk\print\gtkprintoperation.h(1,1): warning C4819: 檔案含有無法在目前字碼頁 (950) 中表示的字元。請以 Unicode 格式儲存檔案以防止資料遺失
  (編譯來源檔案 'Source.c')
  
C:\msys64\ucrt64\include\gtk-4.0\gtk\gtkrecentmanager.h(1,1): warning C4819: 檔案含有無法在目前字碼頁 (950) 中表示的字元。請以 Unicode 格式儲存檔案以防止資料遺失
  (編譯來源檔案 'Source.c')
  
C:\msys64\ucrt64\include\gtk-4.0\gtk\gtktextiter.h(1,1): warning C4819: 檔案含有無法在目前字碼頁 (950) 中表示的字元。請以 Unicode 格式儲存檔案以防止資料遺失
  (編譯來源檔案 'Source.c')
  
C:\msys64\ucrt64\include\gtk-4.0\gtk\gtktextchild.h(1,1): warning C4819: 檔案含有無法在目前字碼頁 (950) 中表示的字元。請以 Unicode 格式儲存檔案以防止資料遺失
  (編譯來源檔案 'Source.c')
  
C:\Users\shaoe\OneDrive\桌面\final-project-\Final\Project4\Source.c(44,20): warning C4244: '正在初始化': 將 'double' 轉換為 'float'，由於類型不同，可能導致資料遺失
C:\Users\shaoe\OneDrive\桌面\final-project-\Final\Project4\Source.c(75,5): warning C4996: 'gtk_list_store_append': is deprecated. Use 'GListStore' instead
C:\Users\shaoe\OneDrive\桌面\final-project-\Final\Project4\Source.c(76,5): warning C4996: 'gtk_list_store_set': is deprecated. Use 'GListStore' instead
C:\Users\shaoe\OneDrive\桌面\final-project-\Final\Project4\Source.c(134,13): warning C4996: 'gtk_list_store_new': is deprecated. Use 'GListStore' instead
C:\Users\shaoe\OneDrive\桌面\final-project-\Final\Project4\Source.c(137,17): warning C4996: 'gtk_tree_view_new_with_model': is deprecated. Use 'GtkListView' instead
C:\Users\shaoe\OneDrive\桌面\final-project-\Final\Project4\Source.c(141,16): warning C4996: 'gtk_cell_renderer_text_new': 宣告為已被取代
C:\Users\shaoe\OneDrive\桌面\final-project-\Final\Project4\Source.c(142,14): warning C4996: 'gtk_tree_view_column_new_with_attributes': is deprecated. Use 'GtkColumnView and GtkColumnViewColumn' instead
C:\Users\shaoe\OneDrive\桌面\final-project-\Final\Project4\Source.c(143,5): warning C4996: 'gtk_tree_view_append_column': is deprecated. Use 'GtkListView' instead
C:\Users\shaoe\OneDrive\桌面\final-project-\Final\Project4\Source.c(146,14): warning C4996: 'gtk_tree_view_column_new_with_attributes': is deprecated. Use 'GtkColumnView and GtkColumnViewColumn' instead
C:\Users\shaoe\OneDrive\桌面\final-project-\Final\Project4\Source.c(147,5): warning C4996: 'gtk_tree_view_append_column': is deprecated. Use 'GtkListView' instead
C:\Users\shaoe\OneDrive\桌面\final-project-\Final\Project4\Source.c(150,14): warning C4996: 'gtk_tree_view_column_new_with_attributes': is deprecated. Use 'GtkColumnView and GtkColumnViewColumn' instead
C:\Users\shaoe\OneDrive\桌面\final-project-\Final\Project4\Source.c(151,5): warning C4996: 'gtk_tree_view_append_column': is deprecated. Use 'GtkListView' instead
C:\Users\shaoe\OneDrive\桌面\final-project-\Final\Project4\Source.c(154,14): warning C4996: 'gtk_tree_view_column_new_with_attributes': is deprecated. Use 'GtkColumnView and GtkColumnViewColumn' instead
C:\Users\shaoe\OneDrive\桌面\final-project-\Final\Project4\Source.c(155,5): warning C4996: 'gtk_tree_view_append_column': is deprecated. Use 'GtkListView' instead
C:\Users\shaoe\OneDrive\桌面\final-project-\Final\Project4\Source.c(158,14): warning C4996: 'gtk_tree_view_column_new_with_attributes': is deprecated. Use 'GtkColumnView and GtkColumnViewColumn' instead
C:\Users\shaoe\OneDrive\桌面\final-project-\Final\Project4\Source.c(159,5): warning C4996: 'gtk_tree_view_append_column': is deprecated. Use 'GtkListView' instead
C:\Users\shaoe\OneDrive\桌面\final-project-\Final\Project4\Source.c(161,5): warning C4996: 'gtk_widget_show': is deprecated. Use 'gtk_widget_set_visible or gtk_window_present' instead
  Project4.vcxproj -> C:\Users\shaoe\OneDrive\桌面\final-project-\Final\x64\Debug\Project4.exe
